[debug] [2024-06-16T13:17:31.581Z] ----------------------------------------------------------------------
[debug] [2024-06-16T13:17:31.588Z] Command:       C:\Program Files\nodejs\node.exe C:\Users\Dell\AppData\Roaming\npm\node_modules\firebase-tools\lib\bin\firebase.js init
[debug] [2024-06-16T13:17:31.589Z] CLI Version:   13.11.2
[debug] [2024-06-16T13:17:31.589Z] Platform:      win32
[debug] [2024-06-16T13:17:31.590Z] Node Version:  v20.12.2
[debug] [2024-06-16T13:17:31.590Z] Time:          Sun Jun 16 2024 18:47:31 GMT+0530 (India Standard Time)
[debug] [2024-06-16T13:17:31.590Z] ----------------------------------------------------------------------
[debug] 
[debug] [2024-06-16T13:17:31.607Z] > command requires scopes: ["email","openid","https://www.googleapis.com/auth/cloudplatformprojects.readonly","https://www.googleapis.com/auth/firebase","https://www.googleapis.com/auth/cloud-platform"]
[debug] [2024-06-16T13:17:31.609Z] > authorizing via signed-in user (jayasaidodla@gmail.com)
[info] 
     ######## #### ########  ######## ########     ###     ######  ########
     ##        ##  ##     ## ##       ##     ##  ##   ##  ##       ##
     ######    ##  ########  ######   ########  #########  ######  ######
     ##        ##  ##    ##  ##       ##     ## ##     ##       ## ##
     ##       #### ##     ## ######## ########  ##     ##  ######  ########

You're about to initialize a Firebase project in this directory:

  C:\Users\Dell\Desktop\Expense-tracker\my-app

[debug] [2024-06-16T13:21:08.858Z] ----------------------------------------------------------------------
[debug] [2024-06-16T13:21:08.864Z] Command:       C:\Program Files\nodejs\node.exe C:\Users\Dell\AppData\Roaming\npm\node_modules\firebase-tools\lib\bin\firebase.js init
[debug] [2024-06-16T13:21:08.865Z] CLI Version:   13.11.2
[debug] [2024-06-16T13:21:08.865Z] Platform:      win32
[debug] [2024-06-16T13:21:08.866Z] Node Version:  v20.12.2
[debug] [2024-06-16T13:21:08.866Z] Time:          Sun Jun 16 2024 18:51:08 GMT+0530 (India Standard Time)
[debug] [2024-06-16T13:21:08.866Z] ----------------------------------------------------------------------
[debug] 
[debug] [2024-06-16T13:21:08.884Z] > command requires scopes: ["email","openid","https://www.googleapis.com/auth/cloudplatformprojects.readonly","https://www.googleapis.com/auth/firebase","https://www.googleapis.com/auth/cloud-platform"]
[debug] [2024-06-16T13:21:08.885Z] > authorizing via signed-in user (jayasaidodla@gmail.com)
[info] 
     ######## #### ########  ######## ########     ###     ######  ########
     ##        ##  ##     ## ##       ##     ##  ##   ##  ##       ##
     ######    ##  ########  ######   ########  #########  ######  ######
     ##        ##  ##    ##  ##       ##     ## ##     ##       ## ##
     ##       #### ##     ## ######## ########  ##     ##  ######  ########

You're about to initialize a Firebase project in this directory:

  C:\Users\Dell\Desktop\Expense-tracker\my-app

